<?xml version="1.0" encoding="UTF-8"?>
<!-- Generated by org.testng.reporters.JUnitReportReporter -->
<testsuite skipped="0" hostname="sumit-Lenovo-E41-80" name="TestCaseSuite.AssignementTestCase" tests="2" failures="0" timestamp="21 Jul 2017 08:12:54 GMT" time="58.320" errors="0">
  <testcase name="VerifyUserIsAbleToReviewAndRate" time="33.379" classname="TestCaseSuite.AssignementTestCase"/>
  <testcase name="VerifyUserIsAbleToPostMessageOnFaceboook" time="24.941" classname="TestCaseSuite.AssignementTestCase"/>
</testsuite> <!-- TestCaseSuite.AssignementTestCase -->
